TN:
SF:dist/ejercicio-1/Button.js
FN:1,<instance_members_initializer>
FN:6,Button
FN:10,getId
FN:13,getName
FN:16,getEvent
FN:19,click
FN:25,suscribe
FN:28,unsuscribe
FN:33,notify
FNF:9
FNH:9
FNDA:2,<instance_members_initializer>
FNDA:2,Button
FNDA:1,getId
FNDA:1,getName
FNDA:1,getEvent
FNDA:4,click
FNDA:4,suscribe
FNDA:1,unsuscribe
FNDA:4,notify
DA:1,1
DA:2,2
DA:3,2
DA:4,2
DA:5,2
DA:6,2
DA:7,2
DA:8,2
DA:9,2
DA:10,2
DA:11,1
DA:12,1
DA:13,2
DA:14,1
DA:15,1
DA:16,2
DA:17,1
DA:18,1
DA:19,2
DA:20,4
DA:21,4
DA:22,4
DA:23,4
DA:24,4
DA:25,2
DA:26,4
DA:27,4
DA:28,2
DA:29,1
DA:30,1
DA:31,1
DA:32,1
DA:33,2
DA:34,4
DA:35,4
DA:36,4
DA:37,4
DA:38,2
LF:38
LH:38
BRDA:1,0,0,1
BRDA:1,1,0,2
BRDA:6,2,0,2
BRDA:10,3,0,1
BRDA:13,4,0,1
BRDA:16,5,0,1
BRDA:19,6,0,4
BRDA:25,7,0,4
BRDA:28,8,0,1
BRDA:29,9,0,1
BRDA:33,10,0,4
BRDA:34,11,0,4
BRF:12
BRH:12
end_of_record
TN:
SF:dist/ejercicio-1/ButtonObserver.js
FN:3,<instance_members_initializer>
FN:6,ButtonObserver
FN:10,getId
FN:13,getName
FN:16,update
FNF:5
FNH:3
FNDA:4,<instance_members_initializer>
FNDA:4,ButtonObserver
FNDA:0,getId
FNDA:0,getName
FNDA:4,update
DA:1,1
DA:2,1
DA:3,1
DA:4,4
DA:5,4
DA:6,4
DA:7,4
DA:8,4
DA:9,4
DA:10,4
DA:11,0
DA:12,0
DA:13,4
DA:14,0
DA:15,0
DA:16,4
DA:17,4
DA:18,4
DA:19,4
DA:20,1
DA:21,1
DA:22,1
DA:23,1
DA:24,1
DA:25,1
DA:26,1
LF:26
LH:22
BRDA:1,0,0,1
BRDA:3,1,0,4
BRDA:6,2,0,4
BRDA:16,3,0,4
BRF:4
BRH:4
end_of_record
